Base path: D:/Unity/Editor/Data
Cmd: initializeCompiler
Cmd: initializeCompiler
Cmd: preprocess
  insize=1469 outsize=351 ok=1
Cmd: preprocess
  insize=2661 outsize=433 ok=1
Cmd: preprocess
  insize=1484 outsize=353 ok=1
Cmd: preprocess
  insize=1460 outsize=334 ok=1
Cmd: preprocess
  insize=1448 outsize=277 ok=1
Cmd: preprocess
  insize=2680 outsize=435 ok=1
Cmd: preprocess
  insize=1250 outsize=290 ok=1
Cmd: preprocess
  insize=20698 outsize=2821 ok=1
Cmd: preprocess
  insize=1684 outsize=388 ok=1
Cmd: preprocess
  insize=1242 outsize=282 ok=1
Cmd: preprocess
  insize=1348 outsize=312 ok=1
Cmd: preprocess
  insize=3628 outsize=2143 ok=1
Cmd: preprocess
  insize=1463 outsize=347 ok=1
Cmd: preprocess
  insize=1613 outsize=361 ok=1
Cmd: preprocess
  insize=2005 outsize=442 ok=1
Cmd: preprocess
  insize=2062 outsize=439 ok=1
Cmd: preprocess
  insize=3938 outsize=2356 ok=1
Cmd: preprocess
  insize=3183 outsize=321 ok=1
Cmd: preprocess
  insize=1709 outsize=413 ok=1
Cmd: preprocess
  insize=1114 outsize=285 ok=1
Cmd: preprocess
  insize=20175 outsize=3011 ok=1
Cmd: preprocess
  insize=1621 outsize=400 ok=1
Cmd: preprocess
  insize=1488 outsize=351 ok=1
Cmd: preprocess
  insize=1552 outsize=364 ok=1
Cmd: preprocess
  insize=1996 outsize=435 ok=1
Cmd: preprocess
  insize=1421 outsize=283 ok=1
Cmd: preprocess
  insize=1344 outsize=309 ok=1
Cmd: preprocess
  insize=1348 outsize=312 ok=1
Cmd: preprocess
  insize=3064 outsize=412 ok=1
Cmd: preprocess
  insize=2040 outsize=435 ok=1
Cmd: preprocess
  insize=1344 outsize=308 ok=1
Cmd: preprocess
  insize=1470 outsize=347 ok=1
Cmd: preprocess
  insize=1468 outsize=347 ok=1
Cmd: preprocess
  insize=1817 outsize=447 ok=1
Cmd: preprocess
  insize=1346 outsize=310 ok=1
Cmd: preprocess
  insize=2140 outsize=359 ok=1
Cmd: preprocess
  insize=1550 outsize=361 ok=1
Cmd: preprocess
  insize=3614 outsize=2306 ok=1
Cmd: preprocess
  insize=2627 outsize=295 ok=1
Cmd: preprocess
  insize=1341 outsize=310 ok=1
Cmd: preprocess
  insize=2691 outsize=393 ok=1
Cmd: preprocess
  insize=1348 outsize=312 ok=1
Cmd: preprocess
  insize=2515 outsize=610 ok=1
Cmd: preprocess
  insize=3506 outsize=2024 ok=1
Cmd: preprocess
  insize=1353 outsize=314 ok=1
Cmd: preprocess
  insize=1526 outsize=401 ok=1
Cmd: preprocess
  insize=1580 outsize=377 ok=1
Cmd: preprocess
  insize=1552 outsize=362 ok=1
Cmd: preprocess
  insize=1488 outsize=360 ok=1
Cmd: preprocess
  insize=1513 outsize=393 ok=1
Cmd: preprocess
  insize=6673 outsize=3792 ok=1
Cmd: preprocess
  insize=1610 outsize=387 ok=1
Cmd: preprocess
  insize=2061 outsize=359 ok=1
Cmd: preprocess
  insize=779 outsize=256 ok=1
Cmd: preprocess
  insize=1348 outsize=311 ok=1
Cmd: preprocess
  insize=12357 outsize=4129 ok=1
Cmd: preprocess
  insize=4169 outsize=2566 ok=1
Cmd: preprocess
  insize=1370 outsize=322 ok=1
Cmd: preprocess
  insize=1100 outsize=281 ok=1
Cmd: preprocess
  insize=1833 outsize=447 ok=1
Cmd: preprocess
  insize=1106 outsize=276 ok=1
Cmd: preprocess
  insize=1822 outsize=452 ok=1
Cmd: preprocess
  insize=1350 outsize=312 ok=1
Cmd: preprocess
  insize=1639 outsize=293 ok=1
Cmd: preprocess
  insize=1702 outsize=418 ok=1
Cmd: preprocess
  insize=3838 outsize=2341 ok=1
Cmd: preprocessCompute
  insize=1431 outsize=1435 ok=1
Cmd: preprocess
  insize=1461 outsize=345 ok=1
Cmd: preprocess
  insize=1577 outsize=379 ok=1
Cmd: preprocess
  insize=5154 outsize=2447 ok=1
Cmd: preprocess
  insize=21954 outsize=3466 ok=1
Cmd: compileSnippet
  error: 1 plat 4 at (218): 'UNITY_PASS_FORWARDADD' : macro redefinition\nCompiling Vertex program with UNITY_PASS_FORWARDADD POINT LIGHTMAP_OFF DIRLIGHTMAP_OFF DYNAMICLIGHTMAP_OFF
Platform defines: UNITY_ENABLE_REFLECTION_BUFFERS UNITY_USE_DITHER_MASK_FOR_ALPHABLENDED_SHADOWS UNITY_PBS_USE_BRDF1 UNITY_SPECCUBE_BOX_PROJECTION UNITY_SPECCUBE_BLENDING UNITY_ENABLE_DETAIL_NORMALMAP SHADER_API_DESKTOP UNITY_LIGHT_PROBE_PROXY_VOLUME UNITY_LIGHTMAP_FULL_HDR
  error: 2 plat 4 at (284): syntax error: unexpected token ';'\nCompiling Vertex program with UNITY_PASS_FORWARDADD POINT LIGHTMAP_OFF DIRLIGHTMAP_OFF DYNAMICLIGHTMAP_OFF
Platform defines: UNITY_ENABLE_REFLECTION_BUFFERS UNITY_USE_DITHER_MASK_FOR_ALPHABLENDED_SHADOWS UNITY_PBS_USE_BRDF1 UNITY_SPECCUBE_BOX_PROJECTION UNITY_SPECCUBE_BLENDING UNITY_ENABLE_DETAIL_NORMALMAP SHADER_API_DESKTOP UNITY_LIGHT_PROBE_PROXY_VOLUME UNITY_LIGHTMAP_FULL_HDR
  api=4 type=0 insize=6682 outsize=0 kw=UNITY_PASS_FORWARDADD POINT LIGHTMAP_OFF DIRLIGHTMAP_OFF DYNAMICLIGHTMAP_OFF pd=UNITY_ENABLE_REFLECTION_BUFFERS UNITY_USE_DITHER_MASK_FOR_ALPHABLENDED_SHADOWS UNITY_PBS_USE_BRDF1 UNITY_SPECCUBE_BOX_PROJECTION UNITY_SPECCUBE_BLENDING UNITY_ENABLE_DETAIL_NORMALMAP SHADER_API_DESKTOP UNITY_LIGHT_PROBE_PROXY_VOLUME UNITY_LIGHTMAP_FULL_HDR ok=0
Cmd: preprocess
  insize=3736 outsize=373 ok=1
Cmd: preprocess
  insize=1190 outsize=283 ok=1
Cmd: preprocess
  insize=5962 outsize=1841 ok=1
Cmd: preprocess
  insize=1490 outsize=362 ok=1
Cmd: preprocessCompute
  insize=3267 outsize=3273 ok=1
Cmd: preprocess
  insize=1339 outsize=308 ok=1
Cmd: preprocess
  insize=1585 outsize=379 ok=1
Cmd: preprocess
  insize=1541 outsize=362 ok=1
Cmd: preprocess
  insize=1582 outsize=384 ok=1
Cmd: preprocess
  insize=2264 outsize=298 ok=1
Cmd: preprocess
  insize=1607 outsize=283 ok=1
Cmd: preprocess
  insize=1495 outsize=363 ok=1
Cmd: preprocess
  insize=1156 outsize=264 ok=1
Cmd: preprocess
  insize=1344 outsize=309 ok=1
Cmd: preprocess
  insize=1204 outsize=277 ok=1
Cmd: preprocess
  insize=6561 outsize=1957 ok=1
Cmd: compileSnippet
  error: 1 plat 4 at (88): 'UNITY_PASS_FORWARDADD' : macro redefinition\nCompiling Vertex program with UNITY_PASS_FORWARDADD POINT
Platform defines: UNITY_ENABLE_REFLECTION_BUFFERS UNITY_USE_DITHER_MASK_FOR_ALPHABLENDED_SHADOWS UNITY_PBS_USE_BRDF1 UNITY_SPECCUBE_BOX_PROJECTION UNITY_SPECCUBE_BLENDING UNITY_ENABLE_DETAIL_NORMALMAP SHADER_API_DESKTOP UNITY_LIGHT_PROBE_PROXY_VOLUME UNITY_LIGHTMAP_FULL_HDR
  error: 2 plat 4 at (124): syntax error: unexpected token ';'\nCompiling Vertex program with UNITY_PASS_FORWARDADD POINT
Platform defines: UNITY_ENABLE_REFLECTION_BUFFERS UNITY_USE_DITHER_MASK_FOR_ALPHABLENDED_SHADOWS UNITY_PBS_USE_BRDF1 UNITY_SPECCUBE_BOX_PROJECTION UNITY_SPECCUBE_BLENDING UNITY_ENABLE_DETAIL_NORMALMAP SHADER_API_DESKTOP UNITY_LIGHT_PROBE_PROXY_VOLUME UNITY_LIGHTMAP_FULL_HDR
  api=4 type=0 insize=2736 outsize=0 kw=UNITY_PASS_FORWARDADD POINT pd=UNITY_ENABLE_REFLECTION_BUFFERS UNITY_USE_DITHER_MASK_FOR_ALPHABLENDED_SHADOWS UNITY_PBS_USE_BRDF1 UNITY_SPECCUBE_BOX_PROJECTION UNITY_SPECCUBE_BLENDING UNITY_ENABLE_DETAIL_NORMALMAP SHADER_API_DESKTOP UNITY_LIGHT_PROBE_PROXY_VOLUME UNITY_LIGHTMAP_FULL_HDR ok=0
Cmd: preprocess
  insize=1415 outsize=309 ok=1
Cmd: preprocess
  insize=44239 outsize=6732 ok=1
Cmd: preprocess
  insize=1539 outsize=388 ok=1
Cmd: preprocess
  insize=1344 outsize=309 ok=1
Cmd: preprocess
  insize=1243 outsize=283 ok=1
Cmd: preprocess
  insize=1546 outsize=364 ok=1
Cmd: preprocess
  insize=32239 outsize=1540 ok=1
Cmd: preprocess
  insize=1461 outsize=344 ok=1
Cmd: preprocess
  insize=4333 outsize=405 ok=1
Cmd: preprocess
  insize=1347 outsize=312 ok=1
Cmd: preprocess
  insize=1490 outsize=360 ok=1
Cmd: preprocess
  insize=20288 outsize=4261 ok=1
Cmd: preprocess
  insize=1356 outsize=314 ok=1
Cmd: preprocess
  insize=1498 outsize=364 ok=1
Cmd: preprocess
  insize=1509 outsize=383 ok=1
Cmd: preprocess
  insize=1461 outsize=344 ok=1
Cmd: preprocess
  insize=5471 outsize=3551 ok=1
Cmd: preprocess
  insize=1357 outsize=315 ok=1
Cmd: preprocess
  insize=1513 outsize=363 ok=1
Cmd: preprocess
  insize=2724 outsize=1368 ok=1
Cmd: preprocess
  insize=2666 outsize=439 ok=1
Cmd: preprocess
  insize=1350 outsize=314 ok=1
Cmd: preprocess
  insize=1937 outsize=486 ok=1
Cmd: preprocess
  insize=25791 outsize=6039 ok=1
Cmd: preprocess
  insize=1481 outsize=345 ok=1
Cmd: preprocess
  insize=7323 outsize=839 ok=1
Cmd: preprocess
  insize=1346 outsize=310 ok=1
Cmd: preprocess
  insize=1061 outsize=269 ok=1
Cmd: preprocess
  insize=2684 outsize=439 ok=1
Cmd: preprocess
  insize=1131 outsize=283 ok=1
Cmd: preprocess
  insize=1505 outsize=355 ok=1
Cmd: preprocess
  insize=1469 outsize=348 ok=1
Cmd: preprocess
  insize=1456 outsize=345 ok=1
Cmd: preprocess
  insize=10016 outsize=4602 ok=1
Cmd: compileSnippet
  error: 1 plat 4 at (94): 'UNITY_PASS_FORWARDADD' : macro redefinition\nCompiling Vertex program with UNITY_PASS_FORWARDADD POINT
Platform defines: UNITY_ENABLE_REFLECTION_BUFFERS UNITY_USE_DITHER_MASK_FOR_ALPHABLENDED_SHADOWS UNITY_PBS_USE_BRDF1 UNITY_SPECCUBE_BOX_PROJECTION UNITY_SPECCUBE_BLENDING UNITY_ENABLE_DETAIL_NORMALMAP SHADER_API_DESKTOP UNITY_LIGHT_PROBE_PROXY_VOLUME UNITY_LIGHTMAP_FULL_HDR
  error: 2 plat 4 at (137): syntax error: unexpected token ';'\nCompiling Vertex program with UNITY_PASS_FORWARDADD POINT
Platform defines: UNITY_ENABLE_REFLECTION_BUFFERS UNITY_USE_DITHER_MASK_FOR_ALPHABLENDED_SHADOWS UNITY_PBS_USE_BRDF1 UNITY_SPECCUBE_BOX_PROJECTION UNITY_SPECCUBE_BLENDING UNITY_ENABLE_DETAIL_NORMALMAP SHADER_API_DESKTOP UNITY_LIGHT_PROBE_PROXY_VOLUME UNITY_LIGHTMAP_FULL_HDR
  api=4 type=0 insize=3168 outsize=0 kw=UNITY_PASS_FORWARDADD POINT pd=UNITY_ENABLE_REFLECTION_BUFFERS UNITY_USE_DITHER_MASK_FOR_ALPHABLENDED_SHADOWS UNITY_PBS_USE_BRDF1 UNITY_SPECCUBE_BOX_PROJECTION UNITY_SPECCUBE_BLENDING UNITY_ENABLE_DETAIL_NORMALMAP SHADER_API_DESKTOP UNITY_LIGHT_PROBE_PROXY_VOLUME UNITY_LIGHTMAP_FULL_HDR ok=0
Cmd: preprocess
  insize=983 outsize=298 ok=1
Cmd: preprocess
  insize=1353 outsize=313 ok=1
Cmd: preprocess
  insize=1470 outsize=347 ok=1
Cmd: preprocess
  insize=6814 outsize=496 ok=1
Cmd: preprocess
  insize=1428 outsize=283 ok=1
Cmd: preprocess
  insize=1514 outsize=366 ok=1
Cmd: preprocess
  insize=1344 outsize=309 ok=1
Cmd: preprocess
  insize=2009 outsize=439 ok=1
Cmd: preprocess
  insize=2178 outsize=361 ok=1
Cmd: preprocess
  insize=23212 outsize=3601 ok=1
Cmd: preprocess
  insize=995 outsize=293 ok=1
Cmd: preprocess
  insize=1697 outsize=413 ok=1
Cmd: preprocess
  insize=1492 outsize=352 ok=1
Cmd: preprocess
  insize=1344 outsize=309 ok=1
Cmd: preprocess
  insize=1651 outsize=457 ok=1
Cmd: preprocess
  insize=1626 outsize=457 ok=1
Cmd: preprocess
  insize=2066 outsize=434 ok=1
Cmd: preprocess
  insize=1933 outsize=300 ok=1
Cmd: preprocess
  insize=1504 outsize=360 ok=1
Cmd: preprocess
  insize=1503 outsize=361 ok=1
Cmd: preprocess
  insize=11666 outsize=680 ok=1
Cmd: preprocess
  insize=1215 outsize=286 ok=1
Cmd: preprocess
  insize=2501 outsize=489 ok=1
Cmd: preprocess
  insize=1303 outsize=333 ok=1
Cmd: preprocess
  insize=1590 outsize=387 ok=1
Cmd: preprocess
  insize=1106 outsize=285 ok=1
Cmd: preprocess
  insize=2061 outsize=439 ok=1
Cmd: preprocess
  insize=4286 outsize=558 ok=1
Cmd: preprocess
  insize=1617 outsize=403 ok=1
Cmd: preprocess
  insize=1485 outsize=352 ok=1
Cmd: preprocess
  insize=1467 outsize=346 ok=1
Cmd: preprocess
  insize=1659 outsize=457 ok=1
Cmd: preprocess
  insize=1913 outsize=453 ok=1
Cmd: preprocess
  insize=1348 outsize=311 ok=1
Cmd: preprocessCompute
  insize=1522 outsize=1526 ok=1
Cmd: preprocess
  insize=1348 outsize=311 ok=1
Cmd: preprocess
  insize=1348 outsize=313 ok=1
Cmd: preprocess
  insize=1138 outsize=286 ok=1
Cmd: preprocess
  insize=2681 outsize=436 ok=1
Cmd: preprocess
  insize=1277 outsize=282 ok=1
Cmd: preprocess
  insize=1012 outsize=289 ok=1
Cmd: preprocess
  insize=1339 outsize=308 ok=1
Cmd: preprocess
  insize=1474 outsize=353 ok=1
Cmd: preprocess
  insize=1533 outsize=362 ok=1
Cmd: preprocess
  insize=1350 outsize=314 ok=1
Cmd: preprocess
  insize=2682 outsize=440 ok=1
Cmd: preprocess
  insize=5627 outsize=2667 ok=1
Cmd: preprocess
  insize=1495 outsize=354 ok=1
Cmd: preprocess
  insize=1989 outsize=363 ok=1
Cmd: preprocess
  insize=1715 outsize=368 ok=1
Cmd: preprocess
  insize=1354 outsize=316 ok=1
Cmd: preprocess
  insize=2686 outsize=440 ok=1
Cmd: preprocess
  insize=1643 outsize=457 ok=1
Cmd: preprocess
  insize=1346 outsize=310 ok=1
Cmd: preprocess
  insize=2628 outsize=1739 ok=1
Cmd: preprocess
  insize=2557 outsize=568 ok=1
Cmd: preprocess
  insize=1540 outsize=405 ok=1
Cmd: preprocess
  insize=1936 outsize=431 ok=1
Cmd: preprocess
  insize=1417 outsize=285 ok=1
Cmd: preprocess
  insize=1460 outsize=348 ok=1
Cmd: preprocess
  insize=1493 outsize=365 ok=1
Cmd: preprocess
  insize=7728 outsize=5743 ok=1
Cmd: preprocess
  insize=1709 outsize=413 ok=1
Cmd: preprocess
  insize=1321 outsize=289 ok=1
Cmd: preprocess
  insize=1492 outsize=361 ok=1
Cmd: preprocess
  insize=1368 outsize=320 ok=1
Cmd: preprocess
  insize=1344 outsize=309 ok=1
Cmd: preprocess
  insize=1342 outsize=292 ok=1
Cmd: preprocess
  insize=3437 outsize=244 ok=1
Cmd: preprocess
  insize=1722 outsize=436 ok=1
Cmd: preprocess
  insize=1833 outsize=447 ok=1
Cmd: preprocess
  insize=1461 outsize=344 ok=1
Cmd: preprocess
  insize=1454 outsize=313 ok=1
Cmd: preprocess
  insize=1489 outsize=356 ok=1
Cmd: preprocess
  insize=1738 outsize=314 ok=1
Cmd: preprocess
  insize=2691 outsize=443 ok=1
Cmd: preprocess
  insize=24814 outsize=5128 ok=1
Cmd: preprocessCompute
  insize=2341 outsize=2343 ok=1
Cmd: preprocess
  insize=1487 outsize=355 ok=1
Cmd: preprocess
  insize=3915 outsize=2275 ok=1
Cmd: preprocess
  insize=995 outsize=228 ok=1
Cmd: preprocess
  insize=12584 outsize=5341 ok=1
Cmd: preprocess
  insize=3433 outsize=1527 ok=1
Cmd: preprocess
  insize=1471 outsize=347 ok=1
Cmd: preprocess
  insize=1346 outsize=310 ok=1
Cmd: preprocess
  insize=1598 outsize=390 ok=1
Cmd: preprocess
  insize=1978 outsize=955 ok=1
Cmd: preprocess
  insize=1645 outsize=281 ok=1
Cmd: preprocess
  insize=1496 outsize=364 ok=1
Cmd: preprocess
  insize=1491 outsize=359 ok=1
Cmd: preprocess
  insize=1331 outsize=289 ok=1
Cmd: preprocess
  insize=1992 outsize=439 ok=1
Cmd: preprocess
  insize=1044 outsize=282 ok=1
Cmd: preprocess
  insize=1585 outsize=379 ok=1
Cmd: preprocess
  insize=1457 outsize=345 ok=1
Cmd: preprocess
  insize=1348 outsize=310 ok=1
Cmd: preprocess
  insize=1686 outsize=439 ok=1
Cmd: preprocess
  insize=1503 outsize=363 ok=1
Cmd: preprocess
  insize=1289 outsize=279 ok=1
Cmd: preprocess
  insize=1747 outsize=442 ok=1
Cmd: preprocess
  insize=1462 outsize=349 ok=1
Cmd: preprocess
  insize=1287 outsize=295 ok=1
Cmd: initializeCompiler
Cmd: compileSnippet
  api=4 type=0 insize=1564 outsize=2166 kw=UNITY_PASS_FORWARDBASE DIRECTIONAL LIGHTPROBE_SH _EMISSION _NORMALMAP pd=UNITY_ENABLE_REFLECTION_BUFFERS UNITY_USE_DITHER_MASK_FOR_ALPHABLENDED_SHADOWS UNITY_PBS_USE_BRDF1 UNITY_SPECCUBE_BOX_PROJECTION UNITY_SPECCUBE_BLENDING UNITY_ENABLE_DETAIL_NORMALMAP SHADER_API_DESKTOP UNITY_LIGHT_PROBE_PROXY_VOLUME UNITY_LIGHTMAP_FULL_HDR ok=1
Cmd: compileSnippet
  api=4 type=1 insize=1564 outsize=7238 kw=UNITY_PASS_FORWARDBASE DIRECTIONAL LIGHTPROBE_SH _EMISSION _NORMALMAP pd=UNITY_ENABLE_REFLECTION_BUFFERS UNITY_USE_DITHER_MASK_FOR_ALPHABLENDED_SHADOWS UNITY_PBS_USE_BRDF1 UNITY_SPECCUBE_BOX_PROJECTION UNITY_SPECCUBE_BLENDING UNITY_ENABLE_DETAIL_NORMALMAP SHADER_API_DESKTOP UNITY_LIGHT_PROBE_PROXY_VOLUME UNITY_LIGHTMAP_FULL_HDR ok=1
Cmd: initializeCompiler
Cmd: initializeCompiler
Cmd: initializeCompiler
Cmd: initializeCompiler
Cmd: initializeCompiler
Cmd: compileSnippet
  api=4 type=0 insize=17531 outsize=1638 kw=UNITY_PASS_FORWARDBASE DIRECTIONAL LIGHTPROBE_SH pd=UNITY_ENABLE_REFLECTION_BUFFERS UNITY_USE_DITHER_MASK_FOR_ALPHABLENDED_SHADOWS UNITY_PBS_USE_BRDF1 UNITY_SPECCUBE_BOX_PROJECTION UNITY_SPECCUBE_BLENDING UNITY_ENABLE_DETAIL_NORMALMAP SHADER_API_DESKTOP UNITY_LIGHT_PROBE_PROXY_VOLUME UNITY_LIGHTMAP_FULL_HDR ok=1
Cmd: compileSnippet
  api=4 type=1 insize=17531 outsize=1262 kw=UNITY_PASS_FORWARDBASE DIRECTIONAL LIGHTPROBE_SH pd=UNITY_ENABLE_REFLECTION_BUFFERS UNITY_USE_DITHER_MASK_FOR_ALPHABLENDED_SHADOWS UNITY_PBS_USE_BRDF1 UNITY_SPECCUBE_BOX_PROJECTION UNITY_SPECCUBE_BLENDING UNITY_ENABLE_DETAIL_NORMALMAP SHADER_API_DESKTOP UNITY_LIGHT_PROBE_PROXY_VOLUME UNITY_LIGHTMAP_FULL_HDR ok=1
Cmd: compileSnippet
  api=4 type=0 insize=4349 outsize=1150 kw=UNITY_PASS_FORWARDADD DIRECTIONAL pd=UNITY_ENABLE_REFLECTION_BUFFERS UNITY_USE_DITHER_MASK_FOR_ALPHABLENDED_SHADOWS UNITY_PBS_USE_BRDF1 UNITY_SPECCUBE_BOX_PROJECTION UNITY_SPECCUBE_BLENDING UNITY_ENABLE_DETAIL_NORMALMAP SHADER_API_DESKTOP UNITY_LIGHT_PROBE_PROXY_VOLUME UNITY_LIGHTMAP_FULL_HDR ok=1
Cmd: compileSnippet
  api=4 type=1 insize=4349 outsize=1190 kw=UNITY_PASS_FORWARDADD DIRECTIONAL pd=UNITY_ENABLE_REFLECTION_BUFFERS UNITY_USE_DITHER_MASK_FOR_ALPHABLENDED_SHADOWS UNITY_PBS_USE_BRDF1 UNITY_SPECCUBE_BOX_PROJECTION UNITY_SPECCUBE_BLENDING UNITY_ENABLE_DETAIL_NORMALMAP SHADER_API_DESKTOP UNITY_LIGHT_PROBE_PROXY_VOLUME UNITY_LIGHTMAP_FULL_HDR ok=1
Cmd: initializeCompiler
Cmd: initializeCompiler
Cmd: initializeCompiler
